<?xml version="1.0" encoding="UTF-8"?>
<!-- Generated by org.testng.reporters.JUnitReportReporter -->
<testsuite hostname="HP" failures="0" tests="2" name="mytest.Program1" time="18.718" errors="0" timestamp="2023-11-03T17:03:18 GST" skipped="0">
  <testcase classname="mytest.Program1" name="verifyTitle" time="10.371"/>
  <system-out/>
  <testcase classname="mytest.Program1" name="verifyLogo" time="8.347"/>
  <system-out/>
</testsuite> <!-- mytest.Program1 -->
